<?xml version="1.0" encoding="UTF-8"?>
<testng-results skipped="0" failed="0" ignored="0" total="2" passed="2">
  <reporter-output>
  </reporter-output>
  <suite name="Default suite" duration-ms="85594" started-at="2019-03-19T09:35:42Z" finished-at="2019-03-19T09:37:08Z">
    <groups>
    </groups>
    <test name="Default test" duration-ms="85594" started-at="2019-03-19T09:35:42Z" finished-at="2019-03-19T09:37:08Z">
      <class name="com.training.sanity.tests.RETC_041Tests">
        <test-method status="PASS" signature="setUp()[pri:0, instance:com.training.sanity.tests.RETC_041Tests@6f7fd0e6]" name="setUp" is-config="true" duration-ms="52092" started-at="2019-03-19T09:35:42Z" finished-at="2019-03-19T09:36:34Z">
          <reporter-output>
          </reporter-output>
        </test-method> <!-- setUp -->
        <test-method status="PASS" signature="validBlogTest()[pri:1, instance:com.training.sanity.tests.RETC_041Tests@6f7fd0e6]" name="validBlogTest" duration-ms="9101" started-at="2019-03-19T09:36:34Z" finished-at="2019-03-19T09:36:43Z">
          <reporter-output>
          </reporter-output>
        </test-method> <!-- validBlogTest -->
        <test-method status="PASS" signature="validLoginTest()[pri:2, instance:com.training.sanity.tests.RETC_041Tests@6f7fd0e6]" name="validLoginTest" duration-ms="22710" started-at="2019-03-19T09:36:43Z" finished-at="2019-03-19T09:37:06Z">
          <reporter-output>
          </reporter-output>
        </test-method> <!-- validLoginTest -->
        <test-method status="PASS" signature="tearDown()[pri:0, instance:com.training.sanity.tests.RETC_041Tests@6f7fd0e6]" name="tearDown" is-config="true" duration-ms="1667" started-at="2019-03-19T09:37:06Z" finished-at="2019-03-19T09:37:08Z">
          <reporter-output>
          </reporter-output>
        </test-method> <!-- tearDown -->
      </class> <!-- com.training.sanity.tests.RETC_041Tests -->
    </test> <!-- Default test -->
  </suite> <!-- Default suite -->
</testng-results>
