<?xml version="1.0" encoding="UTF-8"?>
<!-- Generated by org.testng.reporters.JUnitXMLReporter -->
<testsuite hostname="DESKTOP-CJAIMM7" ignored="0" name="Default test" tests="2" failures="0" timestamp="01 Apr 2019 06:51:57 GMT" time="97.506" errors="0">
  <testcase name="contactFormPageTest" time="27.418" classname="com.training.sanity.tests.RETC_073Tests"/>
  <testcase name="contactFormPageTest" time="27.436" classname="com.training.sanity.tests.RETC_073Tests"/>
</testsuite> <!-- Default test -->
