<?xml version="1.0" encoding="UTF-8"?>
<!-- Generated by org.testng.reporters.JUnitXMLReporter -->
<testsuite hostname="DESKTOP-CJAIMM7" ignored="0" name="Default test" tests="3" failures="0" timestamp="01 Apr 2019 05:36:32 GMT" time="167.66" errors="0">
  <testcase name="contactFormPageTest" time="30.48" classname="com.training.sanity.tests.RETC_071Tests"/>
  <testcase name="contactFormPageTest" time="30.802" classname="com.training.sanity.tests.RETC_071Tests"/>
  <testcase name="contactFormPageTest" time="34.188" classname="com.training.sanity.tests.RETC_071Tests"/>
</testsuite> <!-- Default test -->
